<?xml version="1.0" encoding="UTF-8"?>
<!-- Generated by org.testng.reporters.JUnitReportReporter -->
<testsuite hostname="DESKTOP-OO0RM7Q" failures="0" tests="3" name="com.automationdemo.testcases.LogonPageTest" time="30.958" errors="0" timestamp="05 Jul 2023 10:21:39 GMT" skipped="0">
  <testcase classname="com.automationdemo.testcases.LogonPageTest" name="loginPageLogoTest" time="10.036"/>
  <testcase classname="com.automationdemo.testcases.LogonPageTest" name="LoginTest" time="10.139"/>
  <testcase classname="com.automationdemo.testcases.LogonPageTest" name="LoginTest" time="10.783"/>
</testsuite> <!-- com.automationdemo.testcases.LogonPageTest -->
